{"C:\\Users\\nhemg\\Downloads\\Repos\\React-project-setup\\src\\__ tests __\\mock_data.tsx": {"path":"C:\\Users\\nhemg\\Downloads\\Repos\\React-project-setup\\src\\__ tests __\\mock_data.tsx","statementMap":{"0":{"start":{"line":3,"column":29},"end":{"line":19,"column":2}},"1":{"start":{"line":21,"column":0},"end":{"line":21,"column":25}}},"fnMap":{},"branchMap":{},"s":{"0":3,"1":3},"f":{},"b":{}}
,"C:\\Users\\nhemg\\Downloads\\Repos\\React-project-setup\\src\\components\\CharacterCard\\CharacterCard.tsx": {"path":"C:\\Users\\nhemg\\Downloads\\Repos\\React-project-setup\\src\\components\\CharacterCard\\CharacterCard.tsx","statementMap":{"0":{"start":{"line":1,"column":0},"end":{"line":1,"column":51}},"1":{"start":{"line":3,"column":0},"end":{"line":3,"column":48}},"2":{"start":{"line":4,"column":0},"end":{"line":4,"column":49}},"3":{"start":{"line":6,"column":0},"end":{"line":6,"column":51}},"4":{"start":{"line":7,"column":0},"end":{"line":7,"column":60}},"5":{"start":{"line":13,"column":52},"end":{"line":67,"column":1}},"6":{"start":{"line":14,"column":31},"end":{"line":14,"column":43}},"7":{"start":{"line":15,"column":24},"end":{"line":16,"column":null}},"8":{"start":{"line":16,"column":26},"end":{"line":16,"column":44}},"9":{"start":{"line":18,"column":40},"end":{"line":18,"column":64}},"10":{"start":{"line":19,"column":19},"end":{"line":19,"column":32}},"11":{"start":{"line":20,"column":19},"end":{"line":20,"column":32}},"12":{"start":{"line":22,"column":2},"end":{"line":28,"column":17}},"13":{"start":{"line":23,"column":4},"end":{"line":27,"column":5}},"14":{"start":{"line":24,"column":6},"end":{"line":24,"column":27}},"15":{"start":{"line":26,"column":6},"end":{"line":26,"column":28}},"16":{"start":{"line":30,"column":31},"end":{"line":34,"column":3}},"17":{"start":{"line":31,"column":4},"end":{"line":31,"column":30}},"18":{"start":{"line":32,"column":4},"end":{"line":32,"column":25}},"19":{"start":{"line":33,"column":4},"end":{"line":33,"column":43}},"20":{"start":{"line":36,"column":21},"end":{"line":37,"column":57}},"21":{"start":{"line":37,"column":4},"end":{"line":37,"column":57}},"22":{"start":{"line":37,"column":42},"end":{"line":37,"column":56}},"23":{"start":{"line":39,"column":31},"end":{"line":45,"column":3}},"24":{"start":{"line":40,"column":4},"end":{"line":44,"column":5}},"25":{"start":{"line":41,"column":6},"end":{"line":41,"column":35}},"26":{"start":{"line":43,"column":6},"end":{"line":43,"column":30}},"27":{"start":{"line":46,"column":2},"end":{"line":66,"column":4}},"28":{"start":{"line":59,"column":23},"end":{"line":59,"column":54}},"29":{"start":{"line":69,"column":0},"end":{"line":69,"column":29}}},"fnMap":{"0":{"name":"(anonymous_1)","decl":{"start":{"line":13,"column":52},"end":{"line":13,"column":53}},"loc":{"start":{"line":13,"column":70},"end":{"line":67,"column":1}}},"1":{"name":"(anonymous_2)","decl":{"start":{"line":16,"column":4},"end":{"line":16,"column":5}},"loc":{"start":{"line":16,"column":26},"end":{"line":16,"column":44}}},"2":{"name":"(anonymous_3)","decl":{"start":{"line":22,"column":12},"end":{"line":22,"column":15}},"loc":{"start":{"line":22,"column":17},"end":{"line":28,"column":3}}},"3":{"name":"(anonymous_4)","decl":{"start":{"line":30,"column":31},"end":{"line":30,"column":32}},"loc":{"start":{"line":30,"column":56},"end":{"line":34,"column":3}}},"4":{"name":"(anonymous_5)","decl":{"start":{"line":36,"column":21},"end":{"line":36,"column":22}},"loc":{"start":{"line":37,"column":4},"end":{"line":37,"column":57}}},"5":{"name":"(anonymous_6)","decl":{"start":{"line":37,"column":32},"end":{"line":37,"column":33}},"loc":{"start":{"line":37,"column":42},"end":{"line":37,"column":56}}},"6":{"name":"(anonymous_7)","decl":{"start":{"line":39,"column":31},"end":{"line":39,"column":36}},"loc":{"start":{"line":39,"column":42},"end":{"line":45,"column":3}}},"7":{"name":"(anonymous_8)","decl":{"start":{"line":59,"column":17},"end":{"line":59,"column":20}},"loc":{"start":{"line":59,"column":23},"end":{"line":59,"column":54}}}},"branchMap":{"0":{"loc":{"start":{"line":23,"column":4},"end":{"line":27,"column":5}},"type":"if","locations":[{"start":{"line":23,"column":4},"end":{"line":27,"column":5}},{"start":{"line":25,"column":11},"end":{"line":27,"column":5}}]},"1":{"loc":{"start":{"line":40,"column":4},"end":{"line":44,"column":5}},"type":"if","locations":[{"start":{"line":40,"column":4},"end":{"line":44,"column":5}},{"start":{"line":42,"column":11},"end":{"line":44,"column":5}}]}},"s":{"0":2,"1":2,"2":2,"3":2,"4":2,"5":2,"6":5,"7":5,"8":0,"9":5,"10":5,"11":5,"12":5,"13":5,"14":0,"15":5,"16":5,"17":0,"18":0,"19":0,"20":5,"21":7,"22":3,"23":5,"24":2,"25":1,"26":1,"27":5,"28":0,"29":2},"f":{"0":5,"1":0,"2":5,"3":0,"4":7,"5":3,"6":2,"7":0},"b":{"0":[0,5],"1":[1,1]}}
,"C:\\Users\\nhemg\\Downloads\\Repos\\React-project-setup\\src\\components\\CharacterDetails\\CharacterDetails.tsx": {"path":"C:\\Users\\nhemg\\Downloads\\Repos\\React-project-setup\\src\\components\\CharacterDetails\\CharacterDetails.tsx","statementMap":{"0":{"start":{"line":2,"column":0},"end":{"line":2,"column":51}},"1":{"start":{"line":8,"column":58},"end":{"line":37,"column":1}},"2":{"start":{"line":9,"column":2},"end":{"line":36,"column":4}},"3":{"start":{"line":39,"column":0},"end":{"line":39,"column":32}}},"fnMap":{"0":{"name":"(anonymous_1)","decl":{"start":{"line":8,"column":58},"end":{"line":8,"column":59}},"loc":{"start":{"line":8,"column":76},"end":{"line":37,"column":1}}}},"branchMap":{},"s":{"0":1,"1":1,"2":6,"3":1},"f":{"0":6},"b":{}}
,"C:\\Users\\nhemg\\Downloads\\Repos\\React-project-setup\\src\\components\\ErrorBoundary\\ErrorBoundary.tsx": {"path":"C:\\Users\\nhemg\\Downloads\\Repos\\React-project-setup\\src\\components\\ErrorBoundary\\ErrorBoundary.tsx","statementMap":{"0":{"start":{"line":1,"column":0},"end":{"line":1,"column":45}},"1":{"start":{"line":2,"column":0},"end":{"line":2,"column":46}},"2":{"start":{"line":3,"column":0},"end":{"line":3,"column":48}},"3":{"start":{"line":15,"column":4},"end":{"line":15,"column":17}},"4":{"start":{"line":16,"column":4},"end":{"line":16,"column":37}},"5":{"start":{"line":20,"column":4},"end":{"line":20,"column":30}},"6":{"start":{"line":24,"column":4},"end":{"line":35,"column":5}},"7":{"start":{"line":25,"column":6},"end":{"line":34,"column":8}},"8":{"start":{"line":36,"column":4},"end":{"line":36,"column":31}},"9":{"start":{"line":40,"column":0},"end":{"line":40,"column":29}}},"fnMap":{"0":{"name":"(anonymous_1)","decl":{"start":{"line":14,"column":2},"end":{"line":14,"column":14}},"loc":{"start":{"line":14,"column":39},"end":{"line":17,"column":3}}},"1":{"name":"(anonymous_2)","decl":{"start":{"line":19,"column":2},"end":{"line":19,"column":8}},"loc":{"start":{"line":19,"column":33},"end":{"line":21,"column":3}}},"2":{"name":"(anonymous_3)","decl":{"start":{"line":23,"column":2},"end":{"line":23,"column":8}},"loc":{"start":{"line":23,"column":8},"end":{"line":37,"column":3}}}},"branchMap":{"0":{"loc":{"start":{"line":24,"column":4},"end":{"line":35,"column":5}},"type":"if","locations":[{"start":{"line":24,"column":4},"end":{"line":35,"column":5}}]}},"s":{"0":1,"1":1,"2":1,"3":4,"4":3,"5":2,"6":5,"7":2,"8":3,"9":1},"f":{"0":4,"1":2,"2":5},"b":{"0":[2]}}
,"C:\\Users\\nhemg\\Downloads\\Repos\\React-project-setup\\src\\components\\ErrorButton\\ErrorButton.tsx": {"path":"C:\\Users\\nhemg\\Downloads\\Repos\\React-project-setup\\src\\components\\ErrorButton\\ErrorButton.tsx","statementMap":{"0":{"start":{"line":1,"column":0},"end":{"line":1,"column":33}},"1":{"start":{"line":2,"column":0},"end":{"line":2,"column":46}},"2":{"start":{"line":4,"column":30},"end":{"line":20,"column":1}},"3":{"start":{"line":5,"column":34},"end":{"line":5,"column":49}},"4":{"start":{"line":7,"column":22},"end":{"line":9,"column":3}},"5":{"start":{"line":8,"column":4},"end":{"line":8,"column":22}},"6":{"start":{"line":11,"column":2},"end":{"line":13,"column":3}},"7":{"start":{"line":12,"column":4},"end":{"line":12,"column":32}},"8":{"start":{"line":15,"column":2},"end":{"line":19,"column":4}},"9":{"start":{"line":22,"column":0},"end":{"line":22,"column":27}}},"fnMap":{"0":{"name":"(anonymous_1)","decl":{"start":{"line":4,"column":30},"end":{"line":4,"column":33}},"loc":{"start":{"line":4,"column":35},"end":{"line":20,"column":1}}},"1":{"name":"(anonymous_2)","decl":{"start":{"line":7,"column":22},"end":{"line":7,"column":25}},"loc":{"start":{"line":7,"column":27},"end":{"line":9,"column":3}}}},"branchMap":{"0":{"loc":{"start":{"line":11,"column":2},"end":{"line":13,"column":3}},"type":"if","locations":[{"start":{"line":11,"column":2},"end":{"line":13,"column":3}}]}},"s":{"0":2,"1":2,"2":2,"3":9,"4":9,"5":0,"6":9,"7":0,"8":9,"9":2},"f":{"0":9,"1":0},"b":{"0":[0]}}
,"C:\\Users\\nhemg\\Downloads\\Repos\\React-project-setup\\src\\components\\Flyout\\flyout.tsx": {"path":"C:\\Users\\nhemg\\Downloads\\Repos\\React-project-setup\\src\\components\\Flyout\\flyout.tsx","statementMap":{"0":{"start":{"line":2,"column":0},"end":{"line":2,"column":36}},"1":{"start":{"line":3,"column":0},"end":{"line":3,"column":49}},"2":{"start":{"line":5,"column":0},"end":{"line":5,"column":51}},"3":{"start":{"line":6,"column":0},"end":{"line":6,"column":41}},"4":{"start":{"line":8,"column":25},"end":{"line":40,"column":1}},"5":{"start":{"line":9,"column":26},"end":{"line":9,"column":38}},"6":{"start":{"line":10,"column":24},"end":{"line":11,"column":null}},"7":{"start":{"line":11,"column":26},"end":{"line":11,"column":53}},"8":{"start":{"line":14,"column":28},"end":{"line":16,"column":3}},"9":{"start":{"line":15,"column":4},"end":{"line":15,"column":18}},"10":{"start":{"line":18,"column":25},"end":{"line":27,"column":3}},"11":{"start":{"line":19,"column":23},"end":{"line":24,"column":17}},"12":{"start":{"line":22,"column":10},"end":{"line":22,"column":139}},"13":{"start":{"line":25,"column":17},"end":{"line":25,"column":76}},"14":{"start":{"line":26,"column":4},"end":{"line":26,"column":54}},"15":{"start":{"line":29,"column":2},"end":{"line":31,"column":3}},"16":{"start":{"line":30,"column":4},"end":{"line":30,"column":16}},"17":{"start":{"line":33,"column":2},"end":{"line":39,"column":4}},"18":{"start":{"line":42,"column":0},"end":{"line":42,"column":22}}},"fnMap":{"0":{"name":"(anonymous_1)","decl":{"start":{"line":8,"column":25},"end":{"line":8,"column":28}},"loc":{"start":{"line":8,"column":30},"end":{"line":40,"column":1}}},"1":{"name":"(anonymous_2)","decl":{"start":{"line":11,"column":4},"end":{"line":11,"column":5}},"loc":{"start":{"line":11,"column":26},"end":{"line":11,"column":53}}},"2":{"name":"(anonymous_3)","decl":{"start":{"line":14,"column":28},"end":{"line":14,"column":31}},"loc":{"start":{"line":14,"column":33},"end":{"line":16,"column":3}}},"3":{"name":"(anonymous_4)","decl":{"start":{"line":18,"column":25},"end":{"line":18,"column":28}},"loc":{"start":{"line":18,"column":30},"end":{"line":27,"column":3}}},"4":{"name":"(anonymous_5)","decl":{"start":{"line":21,"column":8},"end":{"line":21,"column":9}},"loc":{"start":{"line":22,"column":10},"end":{"line":22,"column":139}}}},"branchMap":{"0":{"loc":{"start":{"line":29,"column":2},"end":{"line":31,"column":3}},"type":"if","locations":[{"start":{"line":29,"column":2},"end":{"line":31,"column":3}}]}},"s":{"0":1,"1":1,"2":1,"3":1,"4":1,"5":4,"6":4,"7":0,"8":4,"9":1,"10":4,"11":1,"12":1,"13":1,"14":1,"15":4,"16":1,"17":3,"18":1},"f":{"0":4,"1":0,"2":1,"3":1,"4":1},"b":{"0":[1]}}
,"C:\\Users\\nhemg\\Downloads\\Repos\\React-project-setup\\src\\components\\NotFound\\NotFound.tsx": {"path":"C:\\Users\\nhemg\\Downloads\\Repos\\React-project-setup\\src\\components\\NotFound\\NotFound.tsx","statementMap":{"0":{"start":{"line":1,"column":0},"end":{"line":1,"column":50}},"1":{"start":{"line":2,"column":0},"end":{"line":2,"column":43}},"2":{"start":{"line":4,"column":17},"end":{"line":11,"column":1}},"3":{"start":{"line":5,"column":2},"end":{"line":10,"column":4}},"4":{"start":{"line":13,"column":0},"end":{"line":13,"column":24}}},"fnMap":{"0":{"name":"(anonymous_1)","decl":{"start":{"line":4,"column":17},"end":{"line":4,"column":20}},"loc":{"start":{"line":4,"column":22},"end":{"line":11,"column":1}}}},"branchMap":{},"s":{"0":2,"1":2,"2":2,"3":3,"4":2},"f":{"0":3},"b":{}}
,"C:\\Users\\nhemg\\Downloads\\Repos\\React-project-setup\\src\\components\\Pagination\\Pagination.tsx": {"path":"C:\\Users\\nhemg\\Downloads\\Repos\\React-project-setup\\src\\components\\Pagination\\Pagination.tsx","statementMap":{"0":{"start":{"line":1,"column":0},"end":{"line":1,"column":51}},"1":{"start":{"line":2,"column":0},"end":{"line":2,"column":45}},"2":{"start":{"line":11,"column":46},"end":{"line":50,"column":1}},"3":{"start":{"line":16,"column":26},"end":{"line":16,"column":47}},"4":{"start":{"line":18,"column":2},"end":{"line":20,"column":20}},"5":{"start":{"line":19,"column":4},"end":{"line":19,"column":25}},"6":{"start":{"line":22,"column":19},"end":{"line":26,"column":3}},"7":{"start":{"line":23,"column":4},"end":{"line":23,"column":52}},"8":{"start":{"line":23,"column":45},"end":{"line":23,"column":52}},"9":{"start":{"line":24,"column":4},"end":{"line":24,"column":21}},"10":{"start":{"line":25,"column":4},"end":{"line":25,"column":26}},"11":{"start":{"line":28,"column":2},"end":{"line":49,"column":4}},"12":{"start":{"line":30,"column":29},"end":{"line":30,"column":40}},"13":{"start":{"line":33,"column":29},"end":{"line":33,"column":47}},"14":{"start":{"line":39,"column":29},"end":{"line":39,"column":47}},"15":{"start":{"line":43,"column":23},"end":{"line":43,"column":43}},"16":{"start":{"line":52,"column":0},"end":{"line":52,"column":26}}},"fnMap":{"0":{"name":"(anonymous_1)","decl":{"start":{"line":11,"column":46},"end":{"line":11,"column":47}},"loc":{"start":{"line":15,"column":5},"end":{"line":50,"column":1}}},"1":{"name":"(anonymous_2)","decl":{"start":{"line":18,"column":12},"end":{"line":18,"column":15}},"loc":{"start":{"line":18,"column":17},"end":{"line":20,"column":3}}},"2":{"name":"(anonymous_3)","decl":{"start":{"line":22,"column":19},"end":{"line":22,"column":20}},"loc":{"start":{"line":22,"column":39},"end":{"line":26,"column":3}}},"3":{"name":"(anonymous_4)","decl":{"start":{"line":30,"column":23},"end":{"line":30,"column":26}},"loc":{"start":{"line":30,"column":29},"end":{"line":30,"column":40}}},"4":{"name":"(anonymous_5)","decl":{"start":{"line":33,"column":23},"end":{"line":33,"column":26}},"loc":{"start":{"line":33,"column":29},"end":{"line":33,"column":47}}},"5":{"name":"(anonymous_6)","decl":{"start":{"line":39,"column":23},"end":{"line":39,"column":26}},"loc":{"start":{"line":39,"column":29},"end":{"line":39,"column":47}}},"6":{"name":"(anonymous_7)","decl":{"start":{"line":43,"column":17},"end":{"line":43,"column":20}},"loc":{"start":{"line":43,"column":23},"end":{"line":43,"column":43}}}},"branchMap":{"0":{"loc":{"start":{"line":23,"column":4},"end":{"line":23,"column":52}},"type":"if","locations":[{"start":{"line":23,"column":4},"end":{"line":23,"column":52}}]},"1":{"loc":{"start":{"line":23,"column":8},"end":{"line":23,"column":43}},"type":"binary-expr","locations":[{"start":{"line":23,"column":8},"end":{"line":23,"column":19}},{"start":{"line":23,"column":23},"end":{"line":23,"column":43}}]}},"s":{"0":2,"1":2,"2":2,"3":23,"4":23,"5":13,"6":23,"7":5,"8":0,"9":5,"10":5,"11":23,"12":1,"13":1,"14":2,"15":1,"16":2},"f":{"0":23,"1":13,"2":5,"3":1,"4":1,"5":2,"6":1},"b":{"0":[0],"1":[5,5]}}
,"C:\\Users\\nhemg\\Downloads\\Repos\\React-project-setup\\src\\components\\Results\\Results.tsx": {"path":"C:\\Users\\nhemg\\Downloads\\Repos\\React-project-setup\\src\\components\\Results\\Results.tsx","statementMap":{"0":{"start":{"line":1,"column":0},"end":{"line":1,"column":59}},"1":{"start":{"line":2,"column":0},"end":{"line":2,"column":44}},"2":{"start":{"line":3,"column":0},"end":{"line":3,"column":50}},"3":{"start":{"line":4,"column":0},"end":{"line":4,"column":34}},"4":{"start":{"line":5,"column":0},"end":{"line":5,"column":42}},"5":{"start":{"line":6,"column":0},"end":{"line":6,"column":null}},"6":{"start":{"line":10,"column":0},"end":{"line":10,"column":42}},"7":{"start":{"line":18,"column":40},"end":{"line":71,"column":1}},"8":{"start":{"line":24,"column":4},"end":{"line":24,"column":34}},"9":{"start":{"line":32,"column":6},"end":{"line":32,"column":39}},"10":{"start":{"line":34,"column":2},"end":{"line":38,"column":19}},"11":{"start":{"line":35,"column":4},"end":{"line":37,"column":5}},"12":{"start":{"line":36,"column":6},"end":{"line":36,"column":28}},"13":{"start":{"line":40,"column":2},"end":{"line":70,"column":4}},"14":{"start":{"line":54,"column":14},"end":{"line":54,"column":48}},"15":{"start":{"line":66,"column":12},"end":{"line":66,"column":46}},"16":{"start":{"line":73,"column":0},"end":{"line":73,"column":23}}},"fnMap":{"0":{"name":"(anonymous_1)","decl":{"start":{"line":18,"column":40},"end":{"line":18,"column":41}},"loc":{"start":{"line":22,"column":5},"end":{"line":71,"column":1}}},"1":{"name":"(anonymous_2)","decl":{"start":{"line":34,"column":12},"end":{"line":34,"column":15}},"loc":{"start":{"line":34,"column":17},"end":{"line":38,"column":3}}},"2":{"name":"(anonymous_3)","decl":{"start":{"line":53,"column":30},"end":{"line":53,"column":31}},"loc":{"start":{"line":54,"column":14},"end":{"line":54,"column":48}}},"3":{"name":"(anonymous_4)","decl":{"start":{"line":65,"column":39},"end":{"line":65,"column":40}},"loc":{"start":{"line":66,"column":12},"end":{"line":66,"column":46}}}},"branchMap":{"0":{"loc":{"start":{"line":35,"column":4},"end":{"line":37,"column":5}},"type":"if","locations":[{"start":{"line":35,"column":4},"end":{"line":37,"column":5}}]},"1":{"loc":{"start":{"line":45,"column":20},"end":{"line":45,"column":41}},"type":"binary-expr","locations":[{"start":{"line":45,"column":20},"end":{"line":45,"column":36}},{"start":{"line":45,"column":40},"end":{"line":45,"column":41}}]},"2":{"loc":{"start":{"line":49,"column":9},"end":{"line":49,"column":39}},"type":"binary-expr","locations":[{"start":{"line":49,"column":9},"end":{"line":49,"column":18}},{"start":{"line":49,"column":22},"end":{"line":49,"column":39}}]},"3":{"loc":{"start":{"line":50,"column":9},"end":{"line":50,"column":47}},"type":"binary-expr","locations":[{"start":{"line":50,"column":9},"end":{"line":50,"column":16}},{"start":{"line":50,"column":20},"end":{"line":50,"column":47}}]},"4":{"loc":{"start":{"line":52,"column":11},"end":{"line":55,"column":14}},"type":"binary-expr","locations":[{"start":{"line":52,"column":11},"end":{"line":52,"column":22}},{"start":{"line":53,"column":12},"end":{"line":55,"column":14}}]},"5":{"loc":{"start":{"line":62,"column":9},"end":{"line":62,"column":67}},"type":"binary-expr","locations":[{"start":{"line":62,"column":9},"end":{"line":62,"column":27}},{"start":{"line":62,"column":31},"end":{"line":62,"column":67}}]},"6":{"loc":{"start":{"line":63,"column":9},"end":{"line":63,"column":41}},"type":"binary-expr","locations":[{"start":{"line":63,"column":9},"end":{"line":63,"column":25}},{"start":{"line":63,"column":29},"end":{"line":63,"column":41}}]},"7":{"loc":{"start":{"line":64,"column":9},"end":{"line":67,"column":12}},"type":"binary-expr","locations":[{"start":{"line":64,"column":9},"end":{"line":64,"column":19}},{"start":{"line":65,"column":10},"end":{"line":67,"column":12}}]}},"s":{"0":1,"1":1,"2":1,"3":1,"4":1,"5":1,"6":1,"7":1,"8":5,"9":5,"10":5,"11":5,"12":2,"13":5,"14":0,"15":0,"16":1},"f":{"0":5,"1":5,"2":0,"3":0},"b":{"0":[2],"1":[5,3],"2":[5,1],"3":[5,1],"4":[5,3],"5":[5,0],"6":[5,1],"7":[5,2]}}
,"C:\\Users\\nhemg\\Downloads\\Repos\\React-project-setup\\src\\components\\Search\\Search.tsx": {"path":"C:\\Users\\nhemg\\Downloads\\Repos\\React-project-setup\\src\\components\\Search\\Search.tsx","statementMap":{"0":{"start":{"line":1,"column":0},"end":{"line":1,"column":51}},"1":{"start":{"line":2,"column":0},"end":{"line":2,"column":51}},"2":{"start":{"line":3,"column":0},"end":{"line":3,"column":53}},"3":{"start":{"line":4,"column":0},"end":{"line":4,"column":41}},"4":{"start":{"line":5,"column":0},"end":{"line":5,"column":58}},"5":{"start":{"line":6,"column":0},"end":{"line":6,"column":60}},"6":{"start":{"line":13,"column":38},"end":{"line":47,"column":1}},"7":{"start":{"line":14,"column":30},"end":{"line":14,"column":53}},"8":{"start":{"line":15,"column":20},"end":{"line":15,"column":30}},"9":{"start":{"line":17,"column":2},"end":{"line":19,"column":14}},"10":{"start":{"line":18,"column":4},"end":{"line":18,"column":36}},"11":{"start":{"line":21,"column":23},"end":{"line":25,"column":3}},"12":{"start":{"line":22,"column":26},"end":{"line":22,"column":39}},"13":{"start":{"line":23,"column":4},"end":{"line":23,"column":54}},"14":{"start":{"line":24,"column":4},"end":{"line":24,"column":28}},"15":{"start":{"line":27,"column":2},"end":{"line":29,"column":22}},"16":{"start":{"line":28,"column":4},"end":{"line":28,"column":29}},"17":{"start":{"line":31,"column":2},"end":{"line":46,"column":4}},"18":{"start":{"line":40,"column":27},"end":{"line":40,"column":52}},"19":{"start":{"line":49,"column":0},"end":{"line":49,"column":22}}},"fnMap":{"0":{"name":"(anonymous_1)","decl":{"start":{"line":13,"column":38},"end":{"line":13,"column":39}},"loc":{"start":{"line":13,"column":70},"end":{"line":47,"column":1}}},"1":{"name":"(anonymous_2)","decl":{"start":{"line":17,"column":12},"end":{"line":17,"column":15}},"loc":{"start":{"line":17,"column":17},"end":{"line":19,"column":3}}},"2":{"name":"(anonymous_3)","decl":{"start":{"line":21,"column":23},"end":{"line":21,"column":26}},"loc":{"start":{"line":21,"column":28},"end":{"line":25,"column":3}}},"3":{"name":"(anonymous_4)","decl":{"start":{"line":27,"column":12},"end":{"line":27,"column":15}},"loc":{"start":{"line":27,"column":17},"end":{"line":29,"column":3}}},"4":{"name":"(anonymous_5)","decl":{"start":{"line":40,"column":20},"end":{"line":40,"column":21}},"loc":{"start":{"line":40,"column":27},"end":{"line":40,"column":52}}}},"branchMap":{},"s":{"0":1,"1":1,"2":1,"3":1,"4":1,"5":1,"6":1,"7":9,"8":9,"9":9,"10":5,"11":9,"12":1,"13":1,"14":1,"15":9,"16":6,"17":9,"18":1,"19":1},"f":{"0":9,"1":5,"2":1,"3":6,"4":1},"b":{}}
,"C:\\Users\\nhemg\\Downloads\\Repos\\React-project-setup\\src\\hooks\\actions.ts": {"path":"C:\\Users\\nhemg\\Downloads\\Repos\\React-project-setup\\src\\hooks\\actions.ts","statementMap":{"0":{"start":{"line":1,"column":0},"end":{"line":1,"column":54}},"1":{"start":{"line":2,"column":0},"end":{"line":2,"column":42}},"2":{"start":{"line":3,"column":0},"end":{"line":3,"column":72}},"3":{"start":{"line":5,"column":16},"end":{"line":5,"column":43}},"4":{"start":{"line":7,"column":26},"end":{"line":10,"column":1}},"5":{"start":{"line":8,"column":19},"end":{"line":8,"column":32}},"6":{"start":{"line":9,"column":2},"end":{"line":9,"column":47}},"7":{"start":{"line":7,"column":13},"end":{"line":7,"column":26}}},"fnMap":{"0":{"name":"(anonymous_0)","decl":{"start":{"line":7,"column":26},"end":{"line":7,"column":29}},"loc":{"start":{"line":7,"column":31},"end":{"line":10,"column":1}}}},"branchMap":{},"s":{"0":4,"1":4,"2":4,"3":4,"4":4,"5":1,"6":1,"7":4},"f":{"0":1},"b":{}}
,"C:\\Users\\nhemg\\Downloads\\Repos\\React-project-setup\\src\\hooks\\redux.ts": {"path":"C:\\Users\\nhemg\\Downloads\\Repos\\React-project-setup\\src\\hooks\\redux.ts","statementMap":{"0":{"start":{"line":1,"column":0},"end":{"line":1,"column":64}},"1":{"start":{"line":4,"column":13},"end":{"line":4,"column":75}}},"fnMap":{},"branchMap":{},"s":{"0":3,"1":3},"f":{},"b":{}}
,"C:\\Users\\nhemg\\Downloads\\Repos\\React-project-setup\\src\\store\\api\\selected_card.slice.ts": {"path":"C:\\Users\\nhemg\\Downloads\\Repos\\React-project-setup\\src\\store\\api\\selected_card.slice.ts","statementMap":{"0":{"start":{"line":1,"column":0},"end":{"line":1,"column":62}},"1":{"start":{"line":8,"column":41},"end":{"line":10,"column":2}},"2":{"start":{"line":12,"column":13},"end":{"line":28,"column":3}},"3":{"start":{"line":17,"column":6},"end":{"line":17,"column":42}},"4":{"start":{"line":20,"column":6},"end":{"line":22,"column":8}},"5":{"start":{"line":21,"column":18},"end":{"line":21,"column":44}},"6":{"start":{"line":25,"column":6},"end":{"line":25,"column":26}},"7":{"start":{"line":30,"column":13},"end":{"line":30,"column":63}},"8":{"start":{"line":31,"column":13},"end":{"line":31,"column":63}}},"fnMap":{"0":{"name":"(anonymous_0)","decl":{"start":{"line":16,"column":4},"end":{"line":16,"column":10}},"loc":{"start":{"line":16,"column":50},"end":{"line":18,"column":5}}},"1":{"name":"(anonymous_1)","decl":{"start":{"line":19,"column":4},"end":{"line":19,"column":12}},"loc":{"start":{"line":19,"column":49},"end":{"line":23,"column":5}}},"2":{"name":"(anonymous_2)","decl":{"start":{"line":21,"column":8},"end":{"line":21,"column":9}},"loc":{"start":{"line":21,"column":18},"end":{"line":21,"column":44}}},"3":{"name":"(anonymous_3)","decl":{"start":{"line":24,"column":4},"end":{"line":24,"column":15}},"loc":{"start":{"line":24,"column":21},"end":{"line":26,"column":5}}}},"branchMap":{},"s":{"0":5,"1":5,"2":5,"3":1,"4":1,"5":1,"6":1,"7":5,"8":5},"f":{"0":1,"1":1,"2":1,"3":1},"b":{}}
,"C:\\Users\\nhemg\\Downloads\\Repos\\React-project-setup\\src\\switchTheme\\ThemeSwitcher.tsx": {"path":"C:\\Users\\nhemg\\Downloads\\Repos\\React-project-setup\\src\\switchTheme\\ThemeSwitcher.tsx","statementMap":{"0":{"start":{"line":2,"column":0},"end":{"line":2,"column":42}},"1":{"start":{"line":3,"column":0},"end":{"line":3,"column":48}},"2":{"start":{"line":4,"column":0},"end":{"line":4,"column":36}},"3":{"start":{"line":5,"column":0},"end":{"line":5,"column":38}},"4":{"start":{"line":7,"column":32},"end":{"line":37,"column":1}},"5":{"start":{"line":8,"column":30},"end":{"line":8,"column":40}},"6":{"start":{"line":10,"column":23},"end":{"line":12,"column":3}},"7":{"start":{"line":11,"column":4},"end":{"line":11,"column":51}},"8":{"start":{"line":14,"column":2},"end":{"line":36,"column":4}},"9":{"start":{"line":39,"column":0},"end":{"line":39,"column":29}}},"fnMap":{"0":{"name":"(anonymous_1)","decl":{"start":{"line":7,"column":32},"end":{"line":7,"column":35}},"loc":{"start":{"line":7,"column":37},"end":{"line":37,"column":1}}},"1":{"name":"(anonymous_2)","decl":{"start":{"line":10,"column":23},"end":{"line":10,"column":26}},"loc":{"start":{"line":10,"column":28},"end":{"line":12,"column":3}}}},"branchMap":{"0":{"loc":{"start":{"line":11,"column":13},"end":{"line":11,"column":49}},"type":"cond-expr","locations":[{"start":{"line":11,"column":33},"end":{"line":11,"column":39}},{"start":{"line":11,"column":42},"end":{"line":11,"column":49}}]}},"s":{"0":1,"1":1,"2":1,"3":1,"4":1,"5":8,"6":8,"7":0,"8":8,"9":1},"f":{"0":8,"1":0},"b":{"0":[0,0]}}
,"C:\\Users\\nhemg\\Downloads\\Repos\\React-project-setup\\src\\test\\__ mocks __\\fileMock.js": {"path":"C:\\Users\\nhemg\\Downloads\\Repos\\React-project-setup\\src\\test\\__ mocks __\\fileMock.js","statementMap":{"0":{"start":{"line":1,"column":0},"end":{"line":4,"column":2}}},"fnMap":{},"branchMap":{},"s":{"0":2},"f":{},"b":{},"inputSourceMap":null,"_coverageSchema":"1a1c01bbd47fc00a2c39e90264f33305004495a9","hash":"df93b534cf59ecf76018197ad8cc1180645e9506"}
}
