TN:
SF:src\__ tests __\mock_data.tsx
FNF:0
FNH:0
DA:3,3
DA:21,3
LF:2
LH:2
BRF:0
BRH:0
end_of_record
TN:
SF:src\components\CharacterCard\CharacterCard.tsx
FN:13,(anonymous_1)
FN:16,(anonymous_2)
FN:22,(anonymous_3)
FN:30,(anonymous_4)
FN:36,(anonymous_5)
FN:37,(anonymous_6)
FN:39,(anonymous_7)
FN:59,(anonymous_8)
FNF:8
FNH:5
FNDA:5,(anonymous_1)
FNDA:0,(anonymous_2)
FNDA:5,(anonymous_3)
FNDA:0,(anonymous_4)
FNDA:7,(anonymous_5)
FNDA:3,(anonymous_6)
FNDA:2,(anonymous_7)
FNDA:0,(anonymous_8)
DA:1,2
DA:3,2
DA:4,2
DA:6,2
DA:7,2
DA:13,2
DA:14,5
DA:15,5
DA:16,0
DA:18,5
DA:19,5
DA:20,5
DA:22,5
DA:23,5
DA:24,0
DA:26,5
DA:30,5
DA:31,0
DA:32,0
DA:33,0
DA:36,5
DA:37,7
DA:39,5
DA:40,2
DA:41,1
DA:43,1
DA:46,5
DA:59,0
DA:69,2
LF:29
LH:23
BRDA:23,0,0,0
BRDA:23,0,1,5
BRDA:40,1,0,1
BRDA:40,1,1,1
BRF:4
BRH:3
end_of_record
TN:
SF:src\components\CharacterDetails\CharacterDetails.tsx
FN:8,(anonymous_1)
FNF:1
FNH:1
FNDA:6,(anonymous_1)
DA:2,1
DA:8,1
DA:9,6
DA:39,1
LF:4
LH:4
BRF:0
BRH:0
end_of_record
TN:
SF:src\components\ErrorBoundary\ErrorBoundary.tsx
FN:14,(anonymous_1)
FN:19,(anonymous_2)
FN:23,(anonymous_3)
FNF:3
FNH:3
FNDA:4,(anonymous_1)
FNDA:2,(anonymous_2)
FNDA:5,(anonymous_3)
DA:1,1
DA:2,1
DA:3,1
DA:15,4
DA:16,3
DA:20,2
DA:24,5
DA:25,2
DA:36,3
DA:40,1
LF:10
LH:10
BRDA:24,0,0,2
BRF:1
BRH:1
end_of_record
TN:
SF:src\components\ErrorButton\ErrorButton.tsx
FN:4,(anonymous_1)
FN:7,(anonymous_2)
FNF:2
FNH:1
FNDA:9,(anonymous_1)
FNDA:0,(anonymous_2)
DA:1,2
DA:2,2
DA:4,2
DA:5,9
DA:7,9
DA:8,0
DA:11,9
DA:12,0
DA:15,9
DA:22,2
LF:10
LH:8
BRDA:11,0,0,0
BRF:1
BRH:0
end_of_record
TN:
SF:src\components\Flyout\flyout.tsx
FN:8,(anonymous_1)
FN:11,(anonymous_2)
FN:14,(anonymous_3)
FN:18,(anonymous_4)
FN:21,(anonymous_5)
FNF:5
FNH:4
FNDA:4,(anonymous_1)
FNDA:0,(anonymous_2)
FNDA:1,(anonymous_3)
FNDA:1,(anonymous_4)
FNDA:1,(anonymous_5)
DA:2,1
DA:3,1
DA:5,1
DA:6,1
DA:8,1
DA:9,4
DA:10,4
DA:11,0
DA:14,4
DA:15,1
DA:18,4
DA:19,1
DA:22,1
DA:25,1
DA:26,1
DA:29,4
DA:30,1
DA:33,3
DA:42,1
LF:19
LH:18
BRDA:29,0,0,1
BRF:1
BRH:1
end_of_record
TN:
SF:src\components\NotFound\NotFound.tsx
FN:4,(anonymous_1)
FNF:1
FNH:1
FNDA:3,(anonymous_1)
DA:1,2
DA:2,2
DA:4,2
DA:5,3
DA:13,2
LF:5
LH:5
BRF:0
BRH:0
end_of_record
TN:
SF:src\components\Pagination\Pagination.tsx
FN:11,(anonymous_1)
FN:18,(anonymous_2)
FN:22,(anonymous_3)
FN:30,(anonymous_4)
FN:33,(anonymous_5)
FN:39,(anonymous_6)
FN:43,(anonymous_7)
FNF:7
FNH:7
FNDA:23,(anonymous_1)
FNDA:13,(anonymous_2)
FNDA:5,(anonymous_3)
FNDA:1,(anonymous_4)
FNDA:1,(anonymous_5)
FNDA:2,(anonymous_6)
FNDA:1,(anonymous_7)
DA:1,2
DA:2,2
DA:11,2
DA:16,23
DA:18,23
DA:19,13
DA:22,23
DA:23,5
DA:24,5
DA:25,5
DA:28,23
DA:30,1
DA:33,1
DA:39,2
DA:43,1
DA:52,2
LF:16
LH:16
BRDA:23,0,0,0
BRDA:23,1,0,5
BRDA:23,1,1,5
BRF:3
BRH:2
end_of_record
TN:
SF:src\components\Results\Results.tsx
FN:18,(anonymous_1)
FN:34,(anonymous_2)
FN:53,(anonymous_3)
FN:65,(anonymous_4)
FNF:4
FNH:2
FNDA:5,(anonymous_1)
FNDA:5,(anonymous_2)
FNDA:0,(anonymous_3)
FNDA:0,(anonymous_4)
DA:1,1
DA:2,1
DA:3,1
DA:4,1
DA:5,1
DA:6,1
DA:10,1
DA:18,1
DA:24,5
DA:32,5
DA:34,5
DA:35,5
DA:36,2
DA:40,5
DA:54,0
DA:66,0
DA:73,1
LF:17
LH:15
BRDA:35,0,0,2
BRDA:45,1,0,5
BRDA:45,1,1,3
BRDA:49,2,0,5
BRDA:49,2,1,1
BRDA:50,3,0,5
BRDA:50,3,1,1
BRDA:52,4,0,5
BRDA:52,4,1,3
BRDA:62,5,0,5
BRDA:62,5,1,0
BRDA:63,6,0,5
BRDA:63,6,1,1
BRDA:64,7,0,5
BRDA:64,7,1,2
BRF:15
BRH:14
end_of_record
TN:
SF:src\components\Search\Search.tsx
FN:13,(anonymous_1)
FN:17,(anonymous_2)
FN:21,(anonymous_3)
FN:27,(anonymous_4)
FN:40,(anonymous_5)
FNF:5
FNH:5
FNDA:9,(anonymous_1)
FNDA:5,(anonymous_2)
FNDA:1,(anonymous_3)
FNDA:6,(anonymous_4)
FNDA:1,(anonymous_5)
DA:1,1
DA:2,1
DA:3,1
DA:4,1
DA:5,1
DA:6,1
DA:13,1
DA:14,9
DA:15,9
DA:17,9
DA:18,5
DA:21,9
DA:22,1
DA:23,1
DA:24,1
DA:27,9
DA:28,6
DA:31,9
DA:40,1
DA:49,1
LF:20
LH:20
BRF:0
BRH:0
end_of_record
TN:
SF:src\hooks\actions.ts
FN:7,(anonymous_0)
FNF:1
FNH:1
FNDA:1,(anonymous_0)
DA:1,4
DA:2,4
DA:3,4
DA:5,4
DA:7,4
DA:8,1
DA:9,1
LF:7
LH:7
BRF:0
BRH:0
end_of_record
TN:
SF:src\hooks\redux.ts
FNF:0
FNH:0
DA:1,3
DA:4,3
LF:2
LH:2
BRF:0
BRH:0
end_of_record
TN:
SF:src\store\api\selected_card.slice.ts
FN:16,(anonymous_0)
FN:19,(anonymous_1)
FN:21,(anonymous_2)
FN:24,(anonymous_3)
FNF:4
FNH:4
FNDA:1,(anonymous_0)
FNDA:1,(anonymous_1)
FNDA:1,(anonymous_2)
FNDA:1,(anonymous_3)
DA:1,5
DA:8,5
DA:12,5
DA:17,1
DA:20,1
DA:21,1
DA:25,1
DA:30,5
DA:31,5
LF:9
LH:9
BRF:0
BRH:0
end_of_record
TN:
SF:src\switchTheme\ThemeContext.tsx
FN:12,(anonymous_0)
FN:20,(anonymous_1)
FNF:2
FNH:2
FNDA:3,(anonymous_0)
FNDA:3,(anonymous_1)
DA:1,1
DA:10,1
DA:12,1
DA:13,3
DA:14,3
DA:15,0
DA:17,3
DA:20,1
DA:23,3
DA:25,3
LF:10
LH:9
BRDA:14,0,0,0
BRF:1
BRH:0
end_of_record
TN:
SF:src\switchTheme\ThemeSwitcher.tsx
FN:7,(anonymous_1)
FN:10,(anonymous_2)
FNF:2
FNH:1
FNDA:8,(anonymous_1)
FNDA:0,(anonymous_2)
DA:2,1
DA:3,1
DA:4,1
DA:5,1
DA:7,1
DA:8,8
DA:10,8
DA:11,0
DA:14,8
DA:39,1
LF:10
LH:9
BRDA:11,0,0,0
BRDA:11,0,1,0
BRF:2
BRH:0
end_of_record
TN:
SF:src\test\__ mocks __\fileMock.js
FNF:0
FNH:0
DA:1,2
LF:1
LH:1
BRF:0
BRH:0
end_of_record
